{"C:\\Users\\JF-PS\\Documents\\Master Ynov\\Majeur\\WebService\\travellers-api\\services\\ad-service.ts": {"path":"C:\\Users\\JF-PS\\Documents\\Master Ynov\\Majeur\\WebService\\travellers-api\\services\\ad-service.ts","statementMap":{"0":{"start":{"line":3,"column":18},"end":{"line":64,"column":2}},"1":{"start":{"line":7,"column":6},"end":{"line":64,"column":2}},"2":{"start":{"line":9,"column":31},"end":{"line":9,"column":67}},"3":{"start":{"line":10,"column":4},"end":{"line":10,"column":68}},"4":{"start":{"line":10,"column":22},"end":{"line":10,"column":68}},"5":{"start":{"line":11,"column":4},"end":{"line":12,"column":67}},"6":{"start":{"line":12,"column":6},"end":{"line":12,"column":67}},"7":{"start":{"line":14,"column":4},"end":{"line":19,"column":null}},"8":{"start":{"line":15,"column":17},"end":{"line":15,"column":48}},"9":{"start":{"line":16,"column":6},"end":{"line":18,"column":null}},"10":{"start":{"line":17,"column":8},"end":{"line":17,"column":78}},"11":{"start":{"line":21,"column":4},"end":{"line":21,"column":16}},"12":{"start":{"line":25,"column":24},"end":{"line":25,"column":26}},"13":{"start":{"line":26,"column":35},"end":{"line":26,"column":73}},"14":{"start":{"line":27,"column":4},"end":{"line":27,"column":52}},"15":{"start":{"line":27,"column":27},"end":{"line":27,"column":52}},"16":{"start":{"line":29,"column":26},"end":{"line":29,"column":65}},"17":{"start":{"line":30,"column":4},"end":{"line":31,"column":78}},"18":{"start":{"line":31,"column":6},"end":{"line":31,"column":78}},"19":{"start":{"line":33,"column":21},"end":{"line":33,"column":68}},"20":{"start":{"line":34,"column":4},"end":{"line":35,"column":73}},"21":{"start":{"line":35,"column":6},"end":{"line":35,"column":73}},"22":{"start":{"line":37,"column":4},"end":{"line":37,"column":32}},"23":{"start":{"line":41,"column":19},"end":{"line":41,"column":51}},"24":{"start":{"line":42,"column":4},"end":{"line":42,"column":22}},"25":{"start":{"line":46,"column":19},"end":{"line":46,"column":50}},"26":{"start":{"line":47,"column":4},"end":{"line":47,"column":22}},"27":{"start":{"line":51,"column":35},"end":{"line":51,"column":78}},"28":{"start":{"line":52,"column":4},"end":{"line":52,"column":52}},"29":{"start":{"line":52,"column":27},"end":{"line":52,"column":52}},"30":{"start":{"line":53,"column":19},"end":{"line":53,"column":53}},"31":{"start":{"line":54,"column":4},"end":{"line":54,"column":24}},"32":{"start":{"line":55,"column":4},"end":{"line":55,"column":22}},"33":{"start":{"line":59,"column":35},"end":{"line":59,"column":78}},"34":{"start":{"line":60,"column":4},"end":{"line":60,"column":52}},"35":{"start":{"line":60,"column":27},"end":{"line":60,"column":52}},"36":{"start":{"line":61,"column":19},"end":{"line":61,"column":57}},"37":{"start":{"line":62,"column":4},"end":{"line":62,"column":22}},"38":{"start":{"line":65,"column":0},"end":{"line":65,"column":25}}},"fnMap":{"0":{"name":"(anonymous_7)","decl":{"start":{"line":3,"column":18},"end":{"line":3,"column":null}},"loc":{"start":{"line":7,"column":6},"end":{"line":64,"column":2}}},"1":{"name":"(anonymous_8)","decl":{"start":{"line":8,"column":8},"end":{"line":8,"column":26}},"loc":{"start":{"line":8,"column":59},"end":{"line":22,"column":null}}},"2":{"name":"(anonymous_10)","decl":{"start":{"line":24,"column":8},"end":{"line":24,"column":14}},"loc":{"start":{"line":24,"column":36},"end":{"line":38,"column":null}}},"3":{"name":"(anonymous_12)","decl":{"start":{"line":40,"column":8},"end":{"line":40,"column":14}},"loc":{"start":{"line":40,"column":25},"end":{"line":43,"column":null}}},"4":{"name":"(anonymous_14)","decl":{"start":{"line":45,"column":8},"end":{"line":45,"column":14}},"loc":{"start":{"line":45,"column":27},"end":{"line":48,"column":null}}},"5":{"name":"(anonymous_16)","decl":{"start":{"line":50,"column":8},"end":{"line":50,"column":17}},"loc":{"start":{"line":50,"column":46},"end":{"line":56,"column":null}}},"6":{"name":"(anonymous_18)","decl":{"start":{"line":58,"column":8},"end":{"line":58,"column":17}},"loc":{"start":{"line":58,"column":55},"end":{"line":63,"column":null}}}},"branchMap":{"0":{"loc":{"start":{"line":8,"column":43},"end":{"line":8,"column":59}},"type":"default-arg","locations":[{"start":{"line":8,"column":55},"end":{"line":8,"column":59}}]},"1":{"loc":{"start":{"line":10,"column":4},"end":{"line":10,"column":68}},"type":"if","locations":[{"start":{"line":10,"column":4},"end":{"line":10,"column":68}}]},"2":{"loc":{"start":{"line":11,"column":4},"end":{"line":12,"column":67}},"type":"if","locations":[{"start":{"line":11,"column":4},"end":{"line":12,"column":67}}]},"3":{"loc":{"start":{"line":14,"column":4},"end":{"line":19,"column":null}},"type":"if","locations":[{"start":{"line":14,"column":4},"end":{"line":19,"column":null}}]},"4":{"loc":{"start":{"line":16,"column":6},"end":{"line":18,"column":null}},"type":"if","locations":[{"start":{"line":16,"column":6},"end":{"line":18,"column":null}}]},"5":{"loc":{"start":{"line":27,"column":4},"end":{"line":27,"column":52}},"type":"if","locations":[{"start":{"line":27,"column":4},"end":{"line":27,"column":52}}]},"6":{"loc":{"start":{"line":30,"column":4},"end":{"line":31,"column":78}},"type":"if","locations":[{"start":{"line":30,"column":4},"end":{"line":31,"column":78}}]},"7":{"loc":{"start":{"line":34,"column":4},"end":{"line":35,"column":73}},"type":"if","locations":[{"start":{"line":34,"column":4},"end":{"line":35,"column":73}}]},"8":{"loc":{"start":{"line":52,"column":4},"end":{"line":52,"column":52}},"type":"if","locations":[{"start":{"line":52,"column":4},"end":{"line":52,"column":52}}]},"9":{"loc":{"start":{"line":60,"column":4},"end":{"line":60,"column":52}},"type":"if","locations":[{"start":{"line":60,"column":4},"end":{"line":60,"column":52}}]}},"s":{"0":3,"1":3,"2":13,"3":13,"4":3,"5":10,"6":3,"7":7,"8":4,"9":4,"10":2,"11":5,"12":5,"13":5,"14":5,"15":2,"16":3,"17":3,"18":1,"19":2,"20":2,"21":1,"22":1,"23":0,"24":0,"25":0,"26":0,"27":4,"28":4,"29":3,"30":1,"31":1,"32":1,"33":4,"34":4,"35":3,"36":1,"37":1,"38":3},"f":{"0":3,"1":13,"2":5,"3":0,"4":0,"5":4,"6":4},"b":{"0":[5],"1":[3],"2":[3],"3":[4],"4":[2],"5":[2],"6":[1],"7":[1],"8":[3],"9":[3]}}
,"C:\\Users\\JF-PS\\Documents\\Master Ynov\\Majeur\\WebService\\travellers-api\\services\\user-service.ts": {"path":"C:\\Users\\JF-PS\\Documents\\Master Ynov\\Majeur\\WebService\\travellers-api\\services\\user-service.ts","statementMap":{"0":{"start":{"line":1,"column":0},"end":{"line":1,"column":39}},"1":{"start":{"line":2,"column":0},"end":{"line":2,"column":51}},"2":{"start":{"line":3,"column":0},"end":{"line":3,"column":43}},"3":{"start":{"line":6,"column":20},"end":{"line":110,"column":2}},"4":{"start":{"line":6,"column":56},"end":{"line":110,"column":2}},"5":{"start":{"line":8,"column":32},"end":{"line":8,"column":36}},"6":{"start":{"line":10,"column":31},"end":{"line":10,"column":65}},"7":{"start":{"line":12,"column":4},"end":{"line":12,"column":68}},"8":{"start":{"line":12,"column":22},"end":{"line":12,"column":68}},"9":{"start":{"line":13,"column":4},"end":{"line":14,"column":68}},"10":{"start":{"line":14,"column":6},"end":{"line":14,"column":68}},"11":{"start":{"line":16,"column":39},"end":{"line":18,"column":null}},"12":{"start":{"line":21,"column":4},"end":{"line":21,"column":74}},"13":{"start":{"line":21,"column":28},"end":{"line":21,"column":74}},"14":{"start":{"line":23,"column":26},"end":{"line":26,"column":6}},"15":{"start":{"line":28,"column":4},"end":{"line":28,"column":42}},"16":{"start":{"line":32,"column":38},"end":{"line":32,"column":42}},"17":{"start":{"line":34,"column":27},"end":{"line":34,"column":61}},"18":{"start":{"line":35,"column":4},"end":{"line":35,"column":64}},"19":{"start":{"line":35,"column":17},"end":{"line":35,"column":64}},"20":{"start":{"line":37,"column":35},"end":{"line":37,"column":59}},"21":{"start":{"line":39,"column":27},"end":{"line":43,"column":6}},"22":{"start":{"line":45,"column":19},"end":{"line":45,"column":26}},"23":{"start":{"line":47,"column":24},"end":{"line":47,"column":49}},"24":{"start":{"line":49,"column":17},"end":{"line":50,"column":43}},"25":{"start":{"line":52,"column":23},"end":{"line":53,"column":null}},"26":{"start":{"line":55,"column":4},"end":{"line":56,"column":78}},"27":{"start":{"line":56,"column":6},"end":{"line":56,"column":78}},"28":{"start":{"line":58,"column":4},"end":{"line":58,"column":31}},"29":{"start":{"line":62,"column":25},"end":{"line":62,"column":45}},"30":{"start":{"line":63,"column":15},"end":{"line":63,"column":41}},"31":{"start":{"line":64,"column":18},"end":{"line":64,"column":44}},"32":{"start":{"line":66,"column":29},"end":{"line":66,"column":69}},"33":{"start":{"line":67,"column":4},"end":{"line":68,"column":70}},"34":{"start":{"line":68,"column":6},"end":{"line":68,"column":70}},"35":{"start":{"line":70,"column":34},"end":{"line":70,"column":69}},"36":{"start":{"line":72,"column":4},"end":{"line":72,"column":38}},"37":{"start":{"line":76,"column":27},"end":{"line":76,"column":61}},"38":{"start":{"line":77,"column":4},"end":{"line":77,"column":64}},"39":{"start":{"line":77,"column":18},"end":{"line":77,"column":64}},"40":{"start":{"line":79,"column":24},"end":{"line":79,"column":38}},"41":{"start":{"line":81,"column":17},"end":{"line":82,"column":65}},"42":{"start":{"line":84,"column":24},"end":{"line":85,"column":null}},"43":{"start":{"line":88,"column":4},"end":{"line":89,"column":78}},"44":{"start":{"line":89,"column":6},"end":{"line":89,"column":78}},"45":{"start":{"line":91,"column":4},"end":{"line":91,"column":37}},"46":{"start":{"line":95,"column":25},"end":{"line":95,"column":44}},"47":{"start":{"line":97,"column":34},"end":{"line":97,"column":77}},"48":{"start":{"line":99,"column":4},"end":{"line":99,"column":80}},"49":{"start":{"line":99,"column":25},"end":{"line":99,"column":80}},"50":{"start":{"line":101,"column":35},"end":{"line":101,"column":59}},"51":{"start":{"line":103,"column":38},"end":{"line":105,"column":null}},"52":{"start":{"line":108,"column":4},"end":{"line":108,"column":42}},"53":{"start":{"line":112,"column":0},"end":{"line":112,"column":27}}},"fnMap":{"0":{"name":"(anonymous_7)","decl":{"start":{"line":6,"column":20},"end":{"line":6,"column":21}},"loc":{"start":{"line":6,"column":56},"end":{"line":110,"column":2}}},"1":{"name":"(anonymous_8)","decl":{"start":{"line":7,"column":8},"end":{"line":7,"column":14}},"loc":{"start":{"line":7,"column":24},"end":{"line":29,"column":null}}},"2":{"name":"(anonymous_10)","decl":{"start":{"line":31,"column":8},"end":{"line":31,"column":14}},"loc":{"start":{"line":31,"column":24},"end":{"line":59,"column":null}}},"3":{"name":"(anonymous_12)","decl":{"start":{"line":61,"column":8},"end":{"line":61,"column":16}},"loc":{"start":{"line":61,"column":36},"end":{"line":73,"column":null}}},"4":{"name":"(anonymous_14)","decl":{"start":{"line":75,"column":8},"end":{"line":75,"column":22}},"loc":{"start":{"line":75,"column":36},"end":{"line":92,"column":null}}},"5":{"name":"(anonymous_16)","decl":{"start":{"line":94,"column":8},"end":{"line":94,"column":19}},"loc":{"start":{"line":94,"column":56},"end":{"line":109,"column":null}}}},"branchMap":{"0":{"loc":{"start":{"line":12,"column":4},"end":{"line":12,"column":68}},"type":"if","locations":[{"start":{"line":12,"column":4},"end":{"line":12,"column":68}}]},"1":{"loc":{"start":{"line":13,"column":4},"end":{"line":14,"column":68}},"type":"if","locations":[{"start":{"line":13,"column":4},"end":{"line":14,"column":68}}]},"2":{"loc":{"start":{"line":21,"column":4},"end":{"line":21,"column":74}},"type":"if","locations":[{"start":{"line":21,"column":4},"end":{"line":21,"column":74}}]},"3":{"loc":{"start":{"line":35,"column":4},"end":{"line":35,"column":64}},"type":"if","locations":[{"start":{"line":35,"column":4},"end":{"line":35,"column":64}}]},"4":{"loc":{"start":{"line":55,"column":4},"end":{"line":56,"column":78}},"type":"if","locations":[{"start":{"line":55,"column":4},"end":{"line":56,"column":78}}]},"5":{"loc":{"start":{"line":67,"column":4},"end":{"line":68,"column":70}},"type":"if","locations":[{"start":{"line":67,"column":4},"end":{"line":68,"column":70}}]},"6":{"loc":{"start":{"line":77,"column":4},"end":{"line":77,"column":64}},"type":"if","locations":[{"start":{"line":77,"column":4},"end":{"line":77,"column":64}}]},"7":{"loc":{"start":{"line":88,"column":4},"end":{"line":89,"column":78}},"type":"if","locations":[{"start":{"line":88,"column":4},"end":{"line":89,"column":78}}]},"8":{"loc":{"start":{"line":99,"column":4},"end":{"line":99,"column":80}},"type":"if","locations":[{"start":{"line":99,"column":4},"end":{"line":99,"column":80}}]}},"s":{"0":5,"1":5,"2":5,"3":5,"4":5,"5":4,"6":4,"7":4,"8":1,"9":3,"10":1,"11":2,"12":2,"13":1,"14":1,"15":1,"16":3,"17":3,"18":3,"19":1,"20":2,"21":2,"22":2,"23":2,"24":2,"25":2,"26":2,"27":1,"28":1,"29":2,"30":2,"31":2,"32":2,"33":2,"34":1,"35":1,"36":1,"37":3,"38":3,"39":1,"40":2,"41":2,"42":2,"43":2,"44":1,"45":1,"46":2,"47":2,"48":2,"49":1,"50":1,"51":1,"52":1,"53":5},"f":{"0":5,"1":4,"2":3,"3":2,"4":3,"5":2},"b":{"0":[1],"1":[1],"2":[1],"3":[1],"4":[1],"5":[1],"6":[1],"7":[1],"8":[1]}}
,"C:\\Users\\JF-PS\\Documents\\Master Ynov\\Majeur\\WebService\\travellers-api\\tests\\mock\\ad.mock.ts": {"path":"C:\\Users\\JF-PS\\Documents\\Master Ynov\\Majeur\\WebService\\travellers-api\\tests\\mock\\ad.mock.ts","statementMap":{"0":{"start":{"line":4,"column":4},"end":{"line":4,"column":23}},"1":{"start":{"line":7,"column":4},"end":{"line":7,"column":16}},"2":{"start":{"line":11,"column":4},"end":{"line":11,"column":16}},"3":{"start":{"line":15,"column":4},"end":{"line":15,"column":16}},"4":{"start":{"line":19,"column":4},"end":{"line":19,"column":16}},"5":{"start":{"line":23,"column":4},"end":{"line":23,"column":16}},"6":{"start":{"line":27,"column":0},"end":{"line":27,"column":34}}},"fnMap":{"0":{"name":"(anonymous_0)","decl":{"start":{"line":3,"column":2},"end":{"line":3,"column":null}},"loc":{"start":{"line":3,"column":2},"end":{"line":5,"column":3}}},"1":{"name":"(anonymous_1)","decl":{"start":{"line":6,"column":9},"end":{"line":6,"column":15}},"loc":{"start":{"line":6,"column":15},"end":{"line":8,"column":3}}},"2":{"name":"(anonymous_2)","decl":{"start":{"line":10,"column":9},"end":{"line":10,"column":15}},"loc":{"start":{"line":10,"column":15},"end":{"line":12,"column":3}}},"3":{"name":"(anonymous_3)","decl":{"start":{"line":14,"column":9},"end":{"line":14,"column":15}},"loc":{"start":{"line":14,"column":15},"end":{"line":16,"column":3}}},"4":{"name":"(anonymous_4)","decl":{"start":{"line":18,"column":9},"end":{"line":18,"column":18}},"loc":{"start":{"line":18,"column":18},"end":{"line":20,"column":3}}},"5":{"name":"(anonymous_5)","decl":{"start":{"line":22,"column":9},"end":{"line":22,"column":18}},"loc":{"start":{"line":22,"column":18},"end":{"line":24,"column":3}}}},"branchMap":{},"s":{"0":3,"1":0,"2":0,"3":0,"4":0,"5":0,"6":3},"f":{"0":3,"1":0,"2":0,"3":0,"4":0,"5":0},"b":{}}
,"C:\\Users\\JF-PS\\Documents\\Master Ynov\\Majeur\\WebService\\travellers-api\\tests\\mock\\email.mock.ts": {"path":"C:\\Users\\JF-PS\\Documents\\Master Ynov\\Majeur\\WebService\\travellers-api\\tests\\mock\\email.mock.ts","statementMap":{"0":{"start":{"line":4,"column":4},"end":{"line":4,"column":23}},"1":{"start":{"line":7,"column":4},"end":{"line":7,"column":47}},"2":{"start":{"line":11,"column":4},"end":{"line":11,"column":47}},"3":{"start":{"line":15,"column":0},"end":{"line":15,"column":36}}},"fnMap":{"0":{"name":"(anonymous_0)","decl":{"start":{"line":3,"column":2},"end":{"line":3,"column":null}},"loc":{"start":{"line":3,"column":2},"end":{"line":5,"column":3}}},"1":{"name":"(anonymous_1)","decl":{"start":{"line":6,"column":9},"end":{"line":6,"column":19}},"loc":{"start":{"line":6,"column":19},"end":{"line":8,"column":3}}},"2":{"name":"(anonymous_2)","decl":{"start":{"line":10,"column":9},"end":{"line":10,"column":18}},"loc":{"start":{"line":10,"column":18},"end":{"line":12,"column":3}}}},"branchMap":{},"s":{"0":5,"1":0,"2":0,"3":5},"f":{"0":5,"1":0,"2":0},"b":{}}
,"C:\\Users\\JF-PS\\Documents\\Master Ynov\\Majeur\\WebService\\travellers-api\\tests\\mock\\user.mock.ts": {"path":"C:\\Users\\JF-PS\\Documents\\Master Ynov\\Majeur\\WebService\\travellers-api\\tests\\mock\\user.mock.ts","statementMap":{"0":{"start":{"line":4,"column":4},"end":{"line":4,"column":23}},"1":{"start":{"line":8,"column":4},"end":{"line":8,"column":47}},"2":{"start":{"line":12,"column":4},"end":{"line":12,"column":47}},"3":{"start":{"line":16,"column":4},"end":{"line":16,"column":47}},"4":{"start":{"line":20,"column":4},"end":{"line":20,"column":47}},"5":{"start":{"line":24,"column":4},"end":{"line":24,"column":47}},"6":{"start":{"line":28,"column":4},"end":{"line":28,"column":47}},"7":{"start":{"line":32,"column":0},"end":{"line":32,"column":36}}},"fnMap":{"0":{"name":"(anonymous_0)","decl":{"start":{"line":3,"column":2},"end":{"line":3,"column":null}},"loc":{"start":{"line":3,"column":2},"end":{"line":5,"column":3}}},"1":{"name":"(anonymous_1)","decl":{"start":{"line":7,"column":9},"end":{"line":7,"column":19}},"loc":{"start":{"line":7,"column":33},"end":{"line":9,"column":3}}},"2":{"name":"(anonymous_2)","decl":{"start":{"line":11,"column":9},"end":{"line":11,"column":16}},"loc":{"start":{"line":11,"column":27},"end":{"line":13,"column":3}}},"3":{"name":"(anonymous_3)","decl":{"start":{"line":15,"column":9},"end":{"line":15,"column":21}},"loc":{"start":{"line":15,"column":51},"end":{"line":17,"column":3}}},"4":{"name":"(anonymous_4)","decl":{"start":{"line":19,"column":9},"end":{"line":19,"column":19}},"loc":{"start":{"line":19,"column":29},"end":{"line":21,"column":3}}},"5":{"name":"(anonymous_5)","decl":{"start":{"line":23,"column":9},"end":{"line":23,"column":23}},"loc":{"start":{"line":23,"column":34},"end":{"line":25,"column":3}}},"6":{"name":"(anonymous_6)","decl":{"start":{"line":27,"column":9},"end":{"line":27,"column":26}},"loc":{"start":{"line":27,"column":58},"end":{"line":29,"column":3}}}},"branchMap":{"0":{"loc":{"start":{"line":15,"column":37},"end":{"line":15,"column":51}},"type":"default-arg","locations":[{"start":{"line":15,"column":50},"end":{"line":15,"column":51}}]}},"s":{"0":8,"1":0,"2":0,"3":0,"4":0,"5":0,"6":0,"7":8},"f":{"0":8,"1":0,"2":0,"3":0,"4":0,"5":0,"6":0},"b":{"0":[0]}}
,"C:\\Users\\JF-PS\\Documents\\Master Ynov\\Majeur\\WebService\\travellers-api\\tests\\mock\\vehicle.mock.ts": {"path":"C:\\Users\\JF-PS\\Documents\\Master Ynov\\Majeur\\WebService\\travellers-api\\tests\\mock\\vehicle.mock.ts","statementMap":{"0":{"start":{"line":4,"column":4},"end":{"line":4,"column":23}},"1":{"start":{"line":7,"column":4},"end":{"line":7,"column":16}},"2":{"start":{"line":11,"column":0},"end":{"line":11,"column":34}}},"fnMap":{"0":{"name":"(anonymous_0)","decl":{"start":{"line":3,"column":2},"end":{"line":3,"column":null}},"loc":{"start":{"line":3,"column":2},"end":{"line":5,"column":3}}},"1":{"name":"(anonymous_1)","decl":{"start":{"line":6,"column":9},"end":{"line":6,"column":15}},"loc":{"start":{"line":6,"column":15},"end":{"line":8,"column":3}}}},"branchMap":{},"s":{"0":3,"1":0,"2":3},"f":{"0":3,"1":0},"b":{}}
,"C:\\Users\\JF-PS\\Documents\\Master Ynov\\Majeur\\WebService\\travellers-api\\utils\\crypto.ts": {"path":"C:\\Users\\JF-PS\\Documents\\Master Ynov\\Majeur\\WebService\\travellers-api\\utils\\crypto.ts","statementMap":{"0":{"start":{"line":1,"column":0},"end":{"line":1,"column":28}},"1":{"start":{"line":3,"column":18},"end":{"line":3,"column":31}},"2":{"start":{"line":4,"column":18},"end":{"line":4,"column":52}},"3":{"start":{"line":5,"column":22},"end":{"line":5,"column":56}},"4":{"start":{"line":6,"column":11},"end":{"line":6,"column":36}},"5":{"start":{"line":8,"column":16},"end":{"line":12,"column":1}},"6":{"start":{"line":9,"column":17},"end":{"line":9,"column":64}},"7":{"start":{"line":10,"column":20},"end":{"line":10,"column":72}},"8":{"start":{"line":11,"column":2},"end":{"line":11,"column":35}},"9":{"start":{"line":29,"column":9},"end":{"line":29,"column":16}},"10":{"start":{"line":14,"column":16},"end":{"line":27,"column":1}},"11":{"start":{"line":15,"column":19},"end":{"line":18,"column":null}},"12":{"start":{"line":21,"column":20},"end":{"line":24,"column":4}},"13":{"start":{"line":26,"column":2},"end":{"line":26,"column":30}},"14":{"start":{"line":29,"column":18},"end":{"line":29,"column":25}}},"fnMap":{"0":{"name":"(anonymous_1)","decl":{"start":{"line":8,"column":16},"end":{"line":8,"column":17}},"loc":{"start":{"line":8,"column":33},"end":{"line":12,"column":1}}},"1":{"name":"(anonymous_2)","decl":{"start":{"line":14,"column":16},"end":{"line":14,"column":17}},"loc":{"start":{"line":14,"column":33},"end":{"line":27,"column":1}}}},"branchMap":{},"s":{"0":5,"1":5,"2":5,"3":5,"4":5,"5":5,"6":4,"7":4,"8":4,"9":5,"10":5,"11":4,"12":4,"13":4,"14":5},"f":{"0":4,"1":4},"b":{}}
,"C:\\Users\\JF-PS\\Documents\\Master Ynov\\Majeur\\WebService\\travellers-api\\utils\\jwt.ts": {"path":"C:\\Users\\JF-PS\\Documents\\Master Ynov\\Majeur\\WebService\\travellers-api\\utils\\jwt.ts","statementMap":{"0":{"start":{"line":1,"column":0},"end":{"line":1,"column":31}},"1":{"start":{"line":2,"column":15},"end":{"line":2,"column":21}},"2":{"start":{"line":4,"column":20},"end":{"line":8,"column":1}},"3":{"start":{"line":5,"column":2},"end":{"line":7,"column":5}},"4":{"start":{"line":10,"column":9},"end":{"line":10,"column":20}}},"fnMap":{"0":{"name":"(anonymous_1)","decl":{"start":{"line":4,"column":20},"end":{"line":4,"column":21}},"loc":{"start":{"line":4,"column":38},"end":{"line":8,"column":1}}}},"branchMap":{},"s":{"0":5,"1":5,"2":5,"3":1,"4":5},"f":{"0":1},"b":{}}
}
