TN:
SF:services\ad-service.ts
FN:3,(anonymous_7)
FN:8,(anonymous_8)
FN:24,(anonymous_10)
FN:40,(anonymous_12)
FN:45,(anonymous_14)
FN:50,(anonymous_16)
FN:58,(anonymous_18)
FNF:7
FNH:5
FNDA:3,(anonymous_7)
FNDA:13,(anonymous_8)
FNDA:5,(anonymous_10)
FNDA:0,(anonymous_12)
FNDA:0,(anonymous_14)
FNDA:4,(anonymous_16)
FNDA:4,(anonymous_18)
DA:3,3
DA:7,3
DA:9,13
DA:10,13
DA:11,10
DA:12,3
DA:14,7
DA:15,4
DA:16,4
DA:17,2
DA:21,5
DA:25,5
DA:26,5
DA:27,5
DA:29,3
DA:30,3
DA:31,1
DA:33,2
DA:34,2
DA:35,1
DA:37,1
DA:41,0
DA:42,0
DA:46,0
DA:47,0
DA:51,4
DA:52,4
DA:53,1
DA:54,1
DA:55,1
DA:59,4
DA:60,4
DA:61,1
DA:62,1
DA:65,3
LF:35
LH:31
BRDA:8,0,0,5
BRDA:10,1,0,3
BRDA:11,2,0,3
BRDA:14,3,0,4
BRDA:16,4,0,2
BRDA:27,5,0,2
BRDA:30,6,0,1
BRDA:34,7,0,1
BRDA:52,8,0,3
BRDA:60,9,0,3
BRF:10
BRH:10
end_of_record
TN:
SF:services\user-service.ts
FN:6,(anonymous_7)
FN:7,(anonymous_8)
FN:31,(anonymous_10)
FN:61,(anonymous_12)
FN:75,(anonymous_14)
FN:94,(anonymous_16)
FNF:6
FNH:6
FNDA:5,(anonymous_7)
FNDA:4,(anonymous_8)
FNDA:3,(anonymous_10)
FNDA:2,(anonymous_12)
FNDA:3,(anonymous_14)
FNDA:2,(anonymous_16)
DA:1,5
DA:2,5
DA:3,5
DA:6,5
DA:8,4
DA:10,4
DA:12,4
DA:13,3
DA:14,1
DA:16,2
DA:21,2
DA:23,1
DA:28,1
DA:32,3
DA:34,3
DA:35,3
DA:37,2
DA:39,2
DA:45,2
DA:47,2
DA:49,2
DA:52,2
DA:55,2
DA:56,1
DA:58,1
DA:62,2
DA:63,2
DA:64,2
DA:66,2
DA:67,2
DA:68,1
DA:70,1
DA:72,1
DA:76,3
DA:77,3
DA:79,2
DA:81,2
DA:84,2
DA:88,2
DA:89,1
DA:91,1
DA:95,2
DA:97,2
DA:99,2
DA:101,1
DA:103,1
DA:108,1
DA:112,5
LF:48
LH:48
BRDA:12,0,0,1
BRDA:13,1,0,1
BRDA:21,2,0,1
BRDA:35,3,0,1
BRDA:55,4,0,1
BRDA:67,5,0,1
BRDA:77,6,0,1
BRDA:88,7,0,1
BRDA:99,8,0,1
BRF:9
BRH:9
end_of_record
TN:
SF:tests\mock\ad.mock.ts
FN:3,(anonymous_0)
FN:6,(anonymous_1)
FN:10,(anonymous_2)
FN:14,(anonymous_3)
FN:18,(anonymous_4)
FN:22,(anonymous_5)
FNF:6
FNH:1
FNDA:3,(anonymous_0)
FNDA:0,(anonymous_1)
FNDA:0,(anonymous_2)
FNDA:0,(anonymous_3)
FNDA:0,(anonymous_4)
FNDA:0,(anonymous_5)
DA:4,3
DA:7,0
DA:11,0
DA:15,0
DA:19,0
DA:23,0
DA:27,3
LF:7
LH:2
BRF:0
BRH:0
end_of_record
TN:
SF:tests\mock\email.mock.ts
FN:3,(anonymous_0)
FN:6,(anonymous_1)
FN:10,(anonymous_2)
FNF:3
FNH:1
FNDA:5,(anonymous_0)
FNDA:0,(anonymous_1)
FNDA:0,(anonymous_2)
DA:4,5
DA:7,0
DA:11,0
DA:15,5
LF:4
LH:2
BRF:0
BRH:0
end_of_record
TN:
SF:tests\mock\user.mock.ts
FN:3,(anonymous_0)
FN:7,(anonymous_1)
FN:11,(anonymous_2)
FN:15,(anonymous_3)
FN:19,(anonymous_4)
FN:23,(anonymous_5)
FN:27,(anonymous_6)
FNF:7
FNH:1
FNDA:8,(anonymous_0)
FNDA:0,(anonymous_1)
FNDA:0,(anonymous_2)
FNDA:0,(anonymous_3)
FNDA:0,(anonymous_4)
FNDA:0,(anonymous_5)
FNDA:0,(anonymous_6)
DA:4,8
DA:8,0
DA:12,0
DA:16,0
DA:20,0
DA:24,0
DA:28,0
DA:32,8
LF:8
LH:2
BRDA:15,0,0,0
BRF:1
BRH:0
end_of_record
TN:
SF:tests\mock\vehicle.mock.ts
FN:3,(anonymous_0)
FN:6,(anonymous_1)
FNF:2
FNH:1
FNDA:3,(anonymous_0)
FNDA:0,(anonymous_1)
DA:4,3
DA:7,0
DA:11,3
LF:3
LH:2
BRF:0
BRH:0
end_of_record
TN:
SF:utils\crypto.ts
FN:8,(anonymous_1)
FN:14,(anonymous_2)
FNF:2
FNH:2
FNDA:4,(anonymous_1)
FNDA:4,(anonymous_2)
DA:1,5
DA:3,5
DA:4,5
DA:5,5
DA:6,5
DA:8,5
DA:9,4
DA:10,4
DA:11,4
DA:14,5
DA:15,4
DA:21,4
DA:26,4
DA:29,5
LF:14
LH:14
BRF:0
BRH:0
end_of_record
TN:
SF:utils\jwt.ts
FN:4,(anonymous_1)
FNF:1
FNH:1
FNDA:1,(anonymous_1)
DA:1,5
DA:2,5
DA:4,5
DA:5,1
DA:10,5
LF:5
LH:5
BRF:0
BRH:0
end_of_record
